app/build/intermediates/manifest_merge_blame_file/debug/manifest-merger-blame-debug-report.txt
1<?xml version="1.0" encoding="utf-8"?>
2<manifest xmlns:android="http://schemas.android.com/apk/res/android"
3    package="com.example.winter"
4    android:versionCode="1"
5    android:versionName="1.0" >
6
7    <uses-sdk
8        android:minSdkVersion="16"
8-->src\main\AndroidManifest.xml
9        android:targetSdkVersion="29" />
9-->src\main\AndroidManifest.xml
10
11    <!--
12         The ACCESS_COARSE/FINE_LOCATION permissions are not required to use
13         Google Maps Android API v2, but you must specify either coarse or fine
14         location permissions for the 'MyLocation' functionality.
15    -->
16    <uses-permission android:name="android.permission.ACCESS_FINE_LOCATION" />
16-->src\main\AndroidManifest.xml:11:5-79
16-->src\main\AndroidManifest.xml:11:22-76
17    <uses-permission android:name="android.permission.ACCESS_COARSE_LOCATION" />
17-->src\main\AndroidManifest.xml:12:5-80
17-->src\main\AndroidManifest.xml:12:22-78
18    <uses-permission android:name="android.permission.READ_CONTACTS" />
18-->src\main\AndroidManifest.xml:13:5-72
18-->src\main\AndroidManifest.xml:13:22-69
19    <uses-permission android:name="android.permission.INTERNET" />
19-->src\main\AndroidManifest.xml:14:5-67
19-->src\main\AndroidManifest.xml:14:22-64
20    <uses-permission android:name="android.permission.SEND_SMS" />
20-->src\main\AndroidManifest.xml:15:5-67
20-->src\main\AndroidManifest.xml:15:22-64
21    <uses-permission android:name="android.permission.READ_CONTACTS" />
21-->src\main\AndroidManifest.xml:13:5-72
21-->src\main\AndroidManifest.xml:13:22-69
22    <uses-permission android:name="android.permission.INTERNET" />
22-->src\main\AndroidManifest.xml:14:5-67
22-->src\main\AndroidManifest.xml:14:22-64
23    <uses-permission android:name="android.permission.SEND_SMS" />
23-->src\main\AndroidManifest.xml:15:5-67
23-->src\main\AndroidManifest.xml:15:22-64
24
25    <!-- Although the *SdkVersion is captured in gradle build files, this is required for non gradle builds -->
26    <!-- <uses-sdk android:minSdkVersion="14"/> -->
27    <uses-permission android:name="android.permission.ACCESS_NETWORK_STATE" />
27-->[com.google.firebase:firebase-database:19.2.1] AndroidManifest.xml:25:5-79
27-->[com.google.firebase:firebase-database:19.2.1] AndroidManifest.xml:25:22-76
28
29    <uses-feature
29-->[com.google.android.gms:play-services-maps:16.1.0] AndroidManifest.xml:26:5-28:35
30        android:glEsVersion="0x00020000"
30-->[com.google.android.gms:play-services-maps:16.1.0] AndroidManifest.xml:27:9-41
31        android:required="true" />
31-->[com.google.android.gms:play-services-maps:16.1.0] AndroidManifest.xml:28:9-32
32
33    <uses-permission android:name="android.permission.WAKE_LOCK" /> <!-- Required by older versions of Google Play services to create IID tokens -->
33-->[com.google.android.gms:play-services-measurement-api:17.2.2] AndroidManifest.xml:24:5-68
33-->[com.google.android.gms:play-services-measurement-api:17.2.2] AndroidManifest.xml:24:22-65
34    <uses-permission android:name="com.google.android.c2dm.permission.RECEIVE" />
34-->[com.google.firebase:firebase-iid:20.0.2] AndroidManifest.xml:26:5-82
34-->[com.google.firebase:firebase-iid:20.0.2] AndroidManifest.xml:26:22-79
35    <uses-permission android:name="com.google.android.finsky.permission.BIND_GET_INSTALL_REFERRER_SERVICE" />
35-->[com.google.android.gms:play-services-measurement:17.2.2] AndroidManifest.xml:26:5-110
35-->[com.google.android.gms:play-services-measurement:17.2.2] AndroidManifest.xml:26:22-107
36
37    <application
37-->src\main\AndroidManifest.xml:21:5-57:19
38        android:allowBackup="true"
38-->src\main\AndroidManifest.xml:22:9-35
39        android:appComponentFactory="androidx.core.app.CoreComponentFactory"
39-->[androidx.core:core:1.1.0] AndroidManifest.xml:24:18-86
40        android:debuggable="true"
41        android:icon="@mipmap/ic_launcher"
41-->src\main\AndroidManifest.xml:23:9-43
42        android:label="@string/app_name"
42-->src\main\AndroidManifest.xml:24:9-41
43        android:roundIcon="@mipmap/ic_launcher_round"
43-->src\main\AndroidManifest.xml:25:9-54
44        android:supportsRtl="true"
44-->src\main\AndroidManifest.xml:26:9-35
45        android:theme="@style/Theme.AppCompat.NoActionBar" >
45-->src\main\AndroidManifest.xml:27:9-59
46
47        <!--
48             The API key for Google Maps-based APIs is defined as a string resource.
49             (See the file "res/values/google_maps_api.xml").
50             Note that the API key is linked to the encryption key used to sign the APK.
51             You need a different API key for each encryption key, including the release key that is used to
52             sign the APK for publishing.
53             You can define the keys for the debug and release targets in src/debug/ and src/release/.
54        -->
55        <meta-data
55-->src\main\AndroidManifest.xml:37:9-39:55
56            android:name="com.google.android.geo.API_KEY"
56-->src\main\AndroidManifest.xml:38:13-58
57            android:value="@string/google_maps_key" />
57-->src\main\AndroidManifest.xml:39:13-52
58
59        <activity
59-->src\main\AndroidManifest.xml:41:9-43:69
60            android:name="com.example.winter.MapsActivity2"
60-->src\main\AndroidManifest.xml:42:13-42
61            android:label="@string/title_activity_maps2" />
61-->src\main\AndroidManifest.xml:43:13-57
62        <activity
62-->src\main\AndroidManifest.xml:44:9-46:59
63            android:name="com.example.winter.MapsActivity"
63-->src\main\AndroidManifest.xml:45:13-41
64            android:label="@string/title_activity_maps" />
64-->src\main\AndroidManifest.xml:46:13-56
65        <activity android:name="com.example.winter.MarkUnsafe" />
65-->src\main\AndroidManifest.xml:47:9-48
65-->src\main\AndroidManifest.xml:47:19-45
66        <activity android:name="com.example.winter.closedGroup" />
66-->src\main\AndroidManifest.xml:48:9-49
66-->src\main\AndroidManifest.xml:48:19-46
67        <activity android:name="com.example.winter.MainActivity" >
67-->src\main\AndroidManifest.xml:50:9-56:20
67-->src\main\AndroidManifest.xml:50:19-47
68            <intent-filter>
68-->src\main\AndroidManifest.xml:51:13-55:29
69                <action android:name="android.intent.action.MAIN" />
69-->src\main\AndroidManifest.xml:52:17-69
69-->src\main\AndroidManifest.xml:52:25-66
70
71                <category android:name="android.intent.category.LAUNCHER" />
71-->src\main\AndroidManifest.xml:54:17-77
71-->src\main\AndroidManifest.xml:54:27-74
72            </intent-filter>
73        </activity>
74
75        <service
75-->[com.google.firebase:firebase-database:19.2.1] AndroidManifest.xml:29:9-35:19
76            android:name="com.google.firebase.components.ComponentDiscoveryService"
76-->[com.google.firebase:firebase-database:19.2.1] AndroidManifest.xml:30:13-84
77            android:directBootAware="true"
77-->[com.google.firebase:firebase-common:19.3.0] AndroidManifest.xml:34:13-43
78            android:exported="false" >
78-->[com.google.firebase:firebase-database:19.2.1] AndroidManifest.xml:31:13-37
79            <meta-data
79-->[com.google.firebase:firebase-database:19.2.1] AndroidManifest.xml:32:13-34:85
80                android:name="com.google.firebase.components:com.google.firebase.database.DatabaseRegistrar"
80-->[com.google.firebase:firebase-database:19.2.1] AndroidManifest.xml:33:17-109
81                android:value="com.google.firebase.components.ComponentRegistrar" />
81-->[com.google.firebase:firebase-database:19.2.1] AndroidManifest.xml:34:17-82
82            <meta-data
82-->[com.google.android.gms:play-services-measurement-api:17.2.2] AndroidManifest.xml:30:13-32:85
83                android:name="com.google.firebase.components:com.google.firebase.analytics.connector.internal.AnalyticsConnectorRegistrar"
83-->[com.google.android.gms:play-services-measurement-api:17.2.2] AndroidManifest.xml:31:17-139
84                android:value="com.google.firebase.components.ComponentRegistrar" />
84-->[com.google.android.gms:play-services-measurement-api:17.2.2] AndroidManifest.xml:32:17-82
85            <meta-data
85-->[com.google.firebase:firebase-iid:20.0.2] AndroidManifest.xml:32:13-34:85
86                android:name="com.google.firebase.components:com.google.firebase.iid.Registrar"
86-->[com.google.firebase:firebase-iid:20.0.2] AndroidManifest.xml:33:17-96
87                android:value="com.google.firebase.components.ComponentRegistrar" />
87-->[com.google.firebase:firebase-iid:20.0.2] AndroidManifest.xml:34:17-82
88        </service> <!-- Needs to be explicitly declared on P+ -->
89        <uses-library
89-->[com.google.android.gms:play-services-maps:16.1.0] AndroidManifest.xml:33:9-35:40
90            android:name="org.apache.http.legacy"
90-->[com.google.android.gms:play-services-maps:16.1.0] AndroidManifest.xml:34:13-50
91            android:required="false" />
91-->[com.google.android.gms:play-services-maps:16.1.0] AndroidManifest.xml:35:13-37
92
93        <receiver
93-->[com.google.firebase:firebase-iid:20.0.2] AndroidManifest.xml:37:9-44:20
94            android:name="com.google.firebase.iid.FirebaseInstanceIdReceiver"
94-->[com.google.firebase:firebase-iid:20.0.2] AndroidManifest.xml:38:13-78
95            android:exported="true"
95-->[com.google.firebase:firebase-iid:20.0.2] AndroidManifest.xml:39:13-36
96            android:permission="com.google.android.c2dm.permission.SEND" >
96-->[com.google.firebase:firebase-iid:20.0.2] AndroidManifest.xml:40:13-73
97            <intent-filter>
97-->[com.google.firebase:firebase-iid:20.0.2] AndroidManifest.xml:41:13-43:29
98                <action android:name="com.google.android.c2dm.intent.RECEIVE" />
98-->[com.google.firebase:firebase-iid:20.0.2] AndroidManifest.xml:42:17-81
98-->[com.google.firebase:firebase-iid:20.0.2] AndroidManifest.xml:42:25-78
99            </intent-filter>
100        </receiver>
101
102        <activity
102-->[com.google.android.gms:play-services-base:17.0.0] AndroidManifest.xml:23:9-26:75
103            android:name="com.google.android.gms.common.api.GoogleApiActivity"
103-->[com.google.android.gms:play-services-base:17.0.0] AndroidManifest.xml:24:13-79
104            android:exported="false"
104-->[com.google.android.gms:play-services-base:17.0.0] AndroidManifest.xml:25:13-37
105            android:theme="@android:style/Theme.Translucent.NoTitleBar" />
105-->[com.google.android.gms:play-services-base:17.0.0] AndroidManifest.xml:26:13-72
106
107        <provider
107-->[com.google.firebase:firebase-common:19.3.0] AndroidManifest.xml:26:9-30:39
108            android:name="com.google.firebase.provider.FirebaseInitProvider"
108-->[com.google.firebase:firebase-common:19.3.0] AndroidManifest.xml:27:13-77
109            android:authorities="com.example.winter.firebaseinitprovider"
109-->[com.google.firebase:firebase-common:19.3.0] AndroidManifest.xml:28:13-72
110            android:exported="false"
110-->[com.google.firebase:firebase-common:19.3.0] AndroidManifest.xml:29:13-37
111            android:initOrder="100" />
111-->[com.google.firebase:firebase-common:19.3.0] AndroidManifest.xml:30:13-36
112
113        <receiver
113-->[com.google.android.gms:play-services-measurement:17.2.2] AndroidManifest.xml:29:9-33:20
114            android:name="com.google.android.gms.measurement.AppMeasurementReceiver"
114-->[com.google.android.gms:play-services-measurement:17.2.2] AndroidManifest.xml:30:13-85
115            android:enabled="true"
115-->[com.google.android.gms:play-services-measurement:17.2.2] AndroidManifest.xml:31:13-35
116            android:exported="false" >
116-->[com.google.android.gms:play-services-measurement:17.2.2] AndroidManifest.xml:32:13-37
117        </receiver>
118        <receiver
118-->[com.google.android.gms:play-services-measurement:17.2.2] AndroidManifest.xml:34:9-42:20
119            android:name="com.google.android.gms.measurement.AppMeasurementInstallReferrerReceiver"
119-->[com.google.android.gms:play-services-measurement:17.2.2] AndroidManifest.xml:35:13-100
120            android:enabled="true"
120-->[com.google.android.gms:play-services-measurement:17.2.2] AndroidManifest.xml:36:13-35
121            android:exported="true"
121-->[com.google.android.gms:play-services-measurement:17.2.2] AndroidManifest.xml:37:13-36
122            android:permission="android.permission.INSTALL_PACKAGES" >
122-->[com.google.android.gms:play-services-measurement:17.2.2] AndroidManifest.xml:38:13-69
123            <intent-filter>
123-->[com.google.android.gms:play-services-measurement:17.2.2] AndroidManifest.xml:39:13-41:29
124                <action android:name="com.android.vending.INSTALL_REFERRER" />
124-->[com.google.android.gms:play-services-measurement:17.2.2] AndroidManifest.xml:40:17-79
124-->[com.google.android.gms:play-services-measurement:17.2.2] AndroidManifest.xml:40:25-76
125            </intent-filter>
126        </receiver>
127
128        <service
128-->[com.google.android.gms:play-services-measurement:17.2.2] AndroidManifest.xml:44:9-47:40
129            android:name="com.google.android.gms.measurement.AppMeasurementService"
129-->[com.google.android.gms:play-services-measurement:17.2.2] AndroidManifest.xml:45:13-84
130            android:enabled="true"
130-->[com.google.android.gms:play-services-measurement:17.2.2] AndroidManifest.xml:46:13-35
131            android:exported="false" />
131-->[com.google.android.gms:play-services-measurement:17.2.2] AndroidManifest.xml:47:13-37
132        <service
132-->[com.google.android.gms:play-services-measurement:17.2.2] AndroidManifest.xml:48:9-52:72
133            android:name="com.google.android.gms.measurement.AppMeasurementJobService"
133-->[com.google.android.gms:play-services-measurement:17.2.2] AndroidManifest.xml:49:13-87
134            android:enabled="true"
134-->[com.google.android.gms:play-services-measurement:17.2.2] AndroidManifest.xml:50:13-35
135            android:exported="false"
135-->[com.google.android.gms:play-services-measurement:17.2.2] AndroidManifest.xml:51:13-37
136            android:permission="android.permission.BIND_JOB_SERVICE" />
136-->[com.google.android.gms:play-services-measurement:17.2.2] AndroidManifest.xml:52:13-69
137
138        <meta-data
138-->[com.google.android.gms:play-services-basement:17.0.0] AndroidManifest.xml:23:9-25:69
139            android:name="com.google.android.gms.version"
139-->[com.google.android.gms:play-services-basement:17.0.0] AndroidManifest.xml:24:13-58
140            android:value="@integer/google_play_services_version" />
140-->[com.google.android.gms:play-services-basement:17.0.0] AndroidManifest.xml:25:13-66
141    </application>
142
143</manifest>